<?xml version="1.0" encoding="UTF-8"?>
<testsuites name="BuildVerificationTest" time="1" tests="0" failures="1" errors="0">
   <testsuite name="BuildVerificationTest" tests="0" failures="1" errors="0" time="1" timestamp="2017-11-17 12:07:15" hostname="shubhamg - 360NDCPC032.360logica.com" id="Test Suites/BuildVerificationTest">
      <properties>
         <property name="deviceName" value=""/>
         <property name="devicePlatform" value=""/>
         <property name="logFolder" value="C:\\Users\\shubhamg\\Katalon Studio\\SeleniumProject\\Reports\\BuildVerificationTest\\20171117_120714"/>
         <property name="logFiles" value="C:\\Users\\shubhamg\\Katalon Studio\\SeleniumProject\\Reports\\BuildVerificationTest\\20171117_120714\\execution0.log"/>
         <property name="attachments" value=""/>
         <property name="hostName" value="shubhamg - 360NDCPC032.360logica.com"/>
         <property name="hostAddress" value="192.168.3.51"/>
         <property name="os" value="Windows 10 64bit"/>
         <property name="katalonVersion" value="5.1.0.1"/>
      </properties>
      <testcase name="Test Cases/UserLogin" classname="Test Cases/UserLogin" status="FAILED">
         <failure type="FAILED" message="Unable to open browser with url: '' (Root cause: org.openqa.selenium.WebDriverException: Cannot find firefox binary in PATH. Make sure firefox is installed. OS appears to be: WIN10
Build info: version: '3.7.1', revision: '8a0099a', time: '2017-11-06T21:07:36.161Z'
System info: host: '360NDCPC032', ip: '192.168.3.51', os.name: 'Windows 10', os.arch: 'amd64', os.version: '10.0', java.version: '1.8.0_102'
Driver info: driver.version: unknown)"/>
         <system-out><![CDATA[2017-11-17 12:07:16 - [TEST_CASE][FAILED] - Test Cases/UserLogin: Test Cases/UserLogin FAILED because (of) Unable to open browser with url: '' (Root cause: org.openqa.selenium.WebDriverException: Cannot find firefox binary in PATH. Make sure firefox is installed. OS appears to be: WIN10
Build info: version: '3.7.1', revision: '8a0099a', time: '2017-11-06T21:07:36.161Z'
System info: host: '360NDCPC032', ip: '192.168.3.51', os.name: 'Windows 10', os.arch: 'amd64', os.version: '10.0', java.version: '1.8.0_102'
Driver info: driver.version: unknown)

2017-11-17 12:07:16 - [TEST_STEP][FAILED] - openBrowser: Unable to open browser with url: '' (Root cause: org.openqa.selenium.WebDriverException: Cannot find firefox binary in PATH. Make sure firefox is installed. OS appears to be: WIN10
Build info: version: '3.7.1', revision: '8a0099a', time: '2017-11-06T21:07:36.161Z'
System info: host: '360NDCPC032', ip: '192.168.3.51', os.name: 'Windows 10', os.arch: 'amd64', os.version: '10.0', java.version: '1.8.0_102'
Driver info: driver.version: unknown)

2017-11-17 12:07:17 - [MESSAGE][FAILED] - Unable to open browser with url: '' (Root cause: org.openqa.selenium.WebDriverException: Cannot find firefox binary in PATH. Make sure firefox is installed. OS appears to be: WIN10
Build info: version: '3.7.1', revision: '8a0099a', time: '2017-11-06T21:07:36.161Z'
System info: host: '360NDCPC032', ip: '192.168.3.51', os.name: 'Windows 10', os.arch: 'amd64', os.version: '10.0', java.version: '1.8.0_102'
Driver info: driver.version: unknown)]]></system-out>
         <system-err><![CDATA[2017-11-17 12:07:16 - [TEST_CASE][FAILED] - Test Cases/UserLogin: Test Cases/UserLogin FAILED because (of) Unable to open browser with url: '' (Root cause: org.openqa.selenium.WebDriverException: Cannot find firefox binary in PATH. Make sure firefox is installed. OS appears to be: WIN10
Build info: version: '3.7.1', revision: '8a0099a', time: '2017-11-06T21:07:36.161Z'
System info: host: '360NDCPC032', ip: '192.168.3.51', os.name: 'Windows 10', os.arch: 'amd64', os.version: '10.0', java.version: '1.8.0_102'
Driver info: driver.version: unknown)]]></system-err>
      </testcase>
      <system-out><![CDATA[2017-11-17 12:07:15 - [TEST_SUITE][FAILED] - BuildVerificationTest: Test Cases/UserLogin FAILED because (of) Unable to open browser with url: '' (Root cause: org.openqa.selenium.WebDriverException: Cannot find firefox binary in PATH. Make sure firefox is installed. OS appears to be: WIN10
Build info: version: '3.7.1', revision: '8a0099a', time: '2017-11-06T21:07:36.161Z'
System info: host: '360NDCPC032', ip: '192.168.3.51', os.name: 'Windows 10', os.arch: 'amd64', os.version: '10.0', java.version: '1.8.0_102'
Driver info: driver.version: unknown)]]></system-out>
      <system-err><![CDATA[2017-11-17 12:07:15 - [TEST_SUITE][FAILED] - BuildVerificationTest: Test Cases/UserLogin FAILED because (of) Unable to open browser with url: '' (Root cause: org.openqa.selenium.WebDriverException: Cannot find firefox binary in PATH. Make sure firefox is installed. OS appears to be: WIN10
Build info: version: '3.7.1', revision: '8a0099a', time: '2017-11-06T21:07:36.161Z'
System info: host: '360NDCPC032', ip: '192.168.3.51', os.name: 'Windows 10', os.arch: 'amd64', os.version: '10.0', java.version: '1.8.0_102'
Driver info: driver.version: unknown)]]></system-err>
   </testsuite>
</testsuites>
